{"/Users/regiloshi/Desktop/Movies4U/backend/index.js": {"path":"/Users/regiloshi/Desktop/Movies4U/backend/index.js","statementMap":{"0":{"start":{"line":6,"column":0},"end":{"line":6,"column":16}},"1":{"start":{"line":9,"column":0},"end":{"line":11,"column":3}},"2":{"start":{"line":10,"column":4},"end":{"line":10,"column":41}},"3":{"start":{"line":13,"column":12},"end":{"line":13,"column":21}},"4":{"start":{"line":14,"column":0},"end":{"line":14,"column":24}},"5":{"start":{"line":15,"column":0},"end":{"line":15,"column":33}},"6":{"start":{"line":17,"column":13},"end":{"line":17,"column":37}},"7":{"start":{"line":18,"column":15},"end":{"line":18,"column":84}},"8":{"start":{"line":18,"column":38},"end":{"line":18,"column":83}}},"fnMap":{"0":{"name":"(anonymous_0)","decl":{"start":{"line":18,"column":32},"end":{"line":18,"column":33}},"loc":{"start":{"line":18,"column":38},"end":{"line":18,"column":83}},"line":18}},"branchMap":{"0":{"loc":{"start":{"line":9,"column":0},"end":{"line":11,"column":3}},"type":"if","locations":[{"start":{"line":9,"column":0},"end":{"line":11,"column":3}},{"start":{},"end":{}}],"line":9},"1":{"loc":{"start":{"line":17,"column":13},"end":{"line":17,"column":37}},"type":"binary-expr","locations":[{"start":{"line":17,"column":13},"end":{"line":17,"column":29}},{"start":{"line":17,"column":33},"end":{"line":17,"column":37}}],"line":17}},"s":{"0":1,"1":1,"2":0,"3":1,"4":1,"5":1,"6":1,"7":1,"8":1},"f":{"0":1},"b":{"0":[0,1],"1":[1,0]},"_coverageSchema":"1a1c01bbd47fc00a2c39e90264f33305004495a9","hash":"773a6ac6b167f87b81e851be956a4be0eb6afe33"}
,"/Users/regiloshi/Desktop/Movies4U/backend/middleware/authMiddleware.js": {"path":"/Users/regiloshi/Desktop/Movies4U/backend/middleware/authMiddleware.js","statementMap":{"0":{"start":{"line":3,"column":33},"end":{"line":14,"column":1}},"1":{"start":{"line":4,"column":23},"end":{"line":4,"column":51}},"2":{"start":{"line":5,"column":18},"end":{"line":5,"column":56}},"3":{"start":{"line":7,"column":4},"end":{"line":7,"column":50}},"4":{"start":{"line":7,"column":23},"end":{"line":7,"column":50}},"5":{"start":{"line":9,"column":4},"end":{"line":13,"column":7}},"6":{"start":{"line":10,"column":8},"end":{"line":10,"column":44}},"7":{"start":{"line":10,"column":17},"end":{"line":10,"column":44}},"8":{"start":{"line":11,"column":8},"end":{"line":11,"column":24}},"9":{"start":{"line":12,"column":8},"end":{"line":12,"column":15}},"10":{"start":{"line":16,"column":29},"end":{"line":24,"column":1}},"11":{"start":{"line":17,"column":4},"end":{"line":23,"column":6}},"12":{"start":{"line":18,"column":8},"end":{"line":18,"column":50}},"13":{"start":{"line":18,"column":23},"end":{"line":18,"column":50}},"14":{"start":{"line":19,"column":8},"end":{"line":21,"column":9}},"15":{"start":{"line":19,"column":32},"end":{"line":19,"column":61}},"16":{"start":{"line":20,"column":12},"end":{"line":20,"column":39}},"17":{"start":{"line":22,"column":8},"end":{"line":22,"column":15}}},"fnMap":{"0":{"name":"(anonymous_0)","decl":{"start":{"line":3,"column":33},"end":{"line":3,"column":34}},"loc":{"start":{"line":3,"column":53},"end":{"line":14,"column":1}},"line":3},"1":{"name":"(anonymous_1)","decl":{"start":{"line":9,"column":46},"end":{"line":9,"column":47}},"loc":{"start":{"line":9,"column":61},"end":{"line":13,"column":5}},"line":9},"2":{"name":"(anonymous_2)","decl":{"start":{"line":16,"column":29},"end":{"line":16,"column":30}},"loc":{"start":{"line":16,"column":40},"end":{"line":24,"column":1}},"line":16},"3":{"name":"(anonymous_3)","decl":{"start":{"line":17,"column":11},"end":{"line":17,"column":12}},"loc":{"start":{"line":17,"column":31},"end":{"line":23,"column":5}},"line":17},"4":{"name":"(anonymous_4)","decl":{"start":{"line":19,"column":24},"end":{"line":19,"column":25}},"loc":{"start":{"line":19,"column":32},"end":{"line":19,"column":61}},"line":19}},"branchMap":{"0":{"loc":{"start":{"line":5,"column":18},"end":{"line":5,"column":56}},"type":"binary-expr","locations":[{"start":{"line":5,"column":18},"end":{"line":5,"column":28}},{"start":{"line":5,"column":32},"end":{"line":5,"column":56}}],"line":5},"1":{"loc":{"start":{"line":7,"column":4},"end":{"line":7,"column":50}},"type":"if","locations":[{"start":{"line":7,"column":4},"end":{"line":7,"column":50}},{"start":{},"end":{}}],"line":7},"2":{"loc":{"start":{"line":10,"column":8},"end":{"line":10,"column":44}},"type":"if","locations":[{"start":{"line":10,"column":8},"end":{"line":10,"column":44}},{"start":{},"end":{}}],"line":10},"3":{"loc":{"start":{"line":18,"column":8},"end":{"line":18,"column":50}},"type":"if","locations":[{"start":{"line":18,"column":8},"end":{"line":18,"column":50}},{"start":{},"end":{}}],"line":18},"4":{"loc":{"start":{"line":19,"column":8},"end":{"line":21,"column":9}},"type":"if","locations":[{"start":{"line":19,"column":8},"end":{"line":21,"column":9}},{"start":{},"end":{}}],"line":19}},"s":{"0":1,"1":0,"2":0,"3":0,"4":0,"5":0,"6":0,"7":0,"8":0,"9":0,"10":1,"11":0,"12":0,"13":0,"14":0,"15":0,"16":0,"17":0},"f":{"0":0,"1":0,"2":0,"3":0,"4":0},"b":{"0":[0,0],"1":[0,0],"2":[0,0],"3":[0,0],"4":[0,0]},"_coverageSchema":"1a1c01bbd47fc00a2c39e90264f33305004495a9","hash":"a55a99ac772ea655378a687f7b09184c3582d7c8"}
,"/Users/regiloshi/Desktop/Movies4U/backend/models/user.js": {"path":"/Users/regiloshi/Desktop/Movies4U/backend/models/user.js","statementMap":{"0":{"start":{"line":2,"column":19},"end":{"line":2,"column":27}},"1":{"start":{"line":4,"column":19},"end":{"line":56,"column":2}},"2":{"start":{"line":58,"column":0},"end":{"line":63,"column":5}},"3":{"start":{"line":59,"column":4},"end":{"line":61,"column":5}},"4":{"start":{"line":60,"column":6},"end":{"line":60,"column":51}},"5":{"start":{"line":62,"column":4},"end":{"line":62,"column":11}},"6":{"start":{"line":66,"column":0},"end":{"line":76,"column":4}},"7":{"start":{"line":68,"column":6},"end":{"line":68,"column":55}},"8":{"start":{"line":69,"column":6},"end":{"line":69,"column":31}},"9":{"start":{"line":70,"column":6},"end":{"line":70,"column":31}},"10":{"start":{"line":71,"column":6},"end":{"line":71,"column":40}},"11":{"start":{"line":72,"column":6},"end":{"line":74,"column":5}},"12":{"start":{"line":73,"column":8},"end":{"line":73,"column":92}},"13":{"start":{"line":78,"column":0},"end":{"line":78,"column":52}},"14":{"start":{"line":79,"column":0},"end":{"line":79,"column":49}},"15":{"start":{"line":80,"column":0},"end":{"line":80,"column":60}},"16":{"start":{"line":81,"column":0},"end":{"line":81,"column":44}},"17":{"start":{"line":83,"column":13},"end":{"line":83,"column":47}}},"fnMap":{"0":{"name":"(anonymous_0)","decl":{"start":{"line":58,"column":23},"end":{"line":58,"column":24}},"loc":{"start":{"line":58,"column":38},"end":{"line":63,"column":3}},"line":58},"1":{"name":"(anonymous_1)","decl":{"start":{"line":67,"column":15},"end":{"line":67,"column":16}},"loc":{"start":{"line":67,"column":45},"end":{"line":75,"column":5}},"line":67}},"branchMap":{"0":{"loc":{"start":{"line":59,"column":4},"end":{"line":61,"column":5}},"type":"if","locations":[{"start":{"line":59,"column":4},"end":{"line":61,"column":5}},{"start":{},"end":{}}],"line":59},"1":{"loc":{"start":{"line":72,"column":6},"end":{"line":74,"column":5}},"type":"if","locations":[{"start":{"line":72,"column":6},"end":{"line":74,"column":5}},{"start":{},"end":{}}],"line":72}},"s":{"0":1,"1":1,"2":1,"3":4,"4":4,"5":4,"6":1,"7":3,"8":3,"9":3,"10":3,"11":3,"12":3,"13":1,"14":1,"15":1,"16":1,"17":1},"f":{"0":4,"1":3},"b":{"0":[4,0],"1":[3,0]},"_coverageSchema":"1a1c01bbd47fc00a2c39e90264f33305004495a9","hash":"871740d4c4da3a5dbb3f0cb6f1d3ef8a53f2d8bf"}
,"/Users/regiloshi/Desktop/Movies4U/backend/routes/auth.js": {"path":"/Users/regiloshi/Desktop/Movies4U/backend/routes/auth.js","statementMap":{"0":{"start":{"line":7,"column":15},"end":{"line":7,"column":31}},"1":{"start":{"line":9,"column":0},"end":{"line":34,"column":3}},"2":{"start":{"line":10,"column":70},"end":{"line":10,"column":78}},"3":{"start":{"line":12,"column":4},"end":{"line":14,"column":5}},"4":{"start":{"line":13,"column":8},"end":{"line":13,"column":74}},"5":{"start":{"line":16,"column":4},"end":{"line":33,"column":5}},"6":{"start":{"line":17,"column":29},"end":{"line":19,"column":10}},"7":{"start":{"line":21,"column":8},"end":{"line":23,"column":9}},"8":{"start":{"line":22,"column":12},"end":{"line":22,"column":87}},"9":{"start":{"line":25,"column":29},"end":{"line":25,"column":60}},"10":{"start":{"line":27,"column":21},"end":{"line":27,"column":92}},"11":{"start":{"line":28,"column":26},"end":{"line":28,"column":43}},"12":{"start":{"line":30,"column":8},"end":{"line":30,"column":40}},"13":{"start":{"line":32,"column":8},"end":{"line":32,"column":71}},"14":{"start":{"line":36,"column":0},"end":{"line":51,"column":3}},"15":{"start":{"line":37,"column":32},"end":{"line":37,"column":40}},"16":{"start":{"line":38,"column":4},"end":{"line":50,"column":5}},"17":{"start":{"line":39,"column":17},"end":{"line":39,"column":45}},"18":{"start":{"line":41,"column":4},"end":{"line":41,"column":71}},"19":{"start":{"line":41,"column":14},"end":{"line":41,"column":71}},"20":{"start":{"line":43,"column":4},"end":{"line":43,"column":120}},"21":{"start":{"line":43,"column":59},"end":{"line":43,"column":120}},"22":{"start":{"line":45,"column":18},"end":{"line":45,"column":68}},"23":{"start":{"line":47,"column":4},"end":{"line":47,"column":174}},"24":{"start":{"line":49,"column":8},"end":{"line":49,"column":65}}},"fnMap":{"0":{"name":"(anonymous_0)","decl":{"start":{"line":9,"column":25},"end":{"line":9,"column":26}},"loc":{"start":{"line":9,"column":45},"end":{"line":34,"column":1}},"line":9},"1":{"name":"(anonymous_1)","decl":{"start":{"line":36,"column":22},"end":{"line":36,"column":23}},"loc":{"start":{"line":36,"column":42},"end":{"line":51,"column":1}},"line":36}},"branchMap":{"0":{"loc":{"start":{"line":12,"column":4},"end":{"line":14,"column":5}},"type":"if","locations":[{"start":{"line":12,"column":4},"end":{"line":14,"column":5}},{"start":{},"end":{}}],"line":12},"1":{"loc":{"start":{"line":12,"column":8},"end":{"line":12,"column":77}},"type":"binary-expr","locations":[{"start":{"line":12,"column":8},"end":{"line":12,"column":13}},{"start":{"line":12,"column":17},"end":{"line":12,"column":25}},{"start":{"line":12,"column":29},"end":{"line":12,"column":38}},{"start":{"line":12,"column":42},"end":{"line":12,"column":48}},{"start":{"line":12,"column":52},"end":{"line":12,"column":61}},{"start":{"line":12,"column":65},"end":{"line":12,"column":77}}],"line":12},"2":{"loc":{"start":{"line":21,"column":8},"end":{"line":23,"column":9}},"type":"if","locations":[{"start":{"line":21,"column":8},"end":{"line":23,"column":9}},{"start":{},"end":{}}],"line":21},"3":{"loc":{"start":{"line":41,"column":4},"end":{"line":41,"column":71}},"type":"if","locations":[{"start":{"line":41,"column":4},"end":{"line":41,"column":71}},{"start":{},"end":{}}],"line":41},"4":{"loc":{"start":{"line":43,"column":4},"end":{"line":43,"column":120}},"type":"if","locations":[{"start":{"line":43,"column":4},"end":{"line":43,"column":120}},{"start":{},"end":{}}],"line":43}},"s":{"0":1,"1":1,"2":5,"3":5,"4":1,"5":4,"6":4,"7":4,"8":1,"9":3,"10":3,"11":3,"12":3,"13":0,"14":1,"15":3,"16":3,"17":3,"18":3,"19":1,"20":2,"21":1,"22":1,"23":1,"24":0},"f":{"0":5,"1":3},"b":{"0":[1,4],"1":[5,4,4,4,4,4],"2":[1,3],"3":[1,2],"4":[1,1]},"_coverageSchema":"1a1c01bbd47fc00a2c39e90264f33305004495a9","hash":"4fedbd9578f7791a650af8ae022be280a706b8ed"}
,"/Users/regiloshi/Desktop/Movies4U/backend/utils/connectToDB.js": {"path":"/Users/regiloshi/Desktop/Movies4U/backend/utils/connectToDB.js","statementMap":{"0":{"start":{"line":3,"column":0},"end":{"line":3,"column":16}},"1":{"start":{"line":4,"column":20},"end":{"line":12,"column":1}},"2":{"start":{"line":5,"column":2},"end":{"line":11,"column":3}},"3":{"start":{"line":6,"column":4},"end":{"line":6,"column":38}},"4":{"start":{"line":7,"column":4},"end":{"line":7,"column":32}},"5":{"start":{"line":8,"column":4},"end":{"line":8,"column":41}},"6":{"start":{"line":10,"column":4},"end":{"line":10,"column":55}}},"fnMap":{"0":{"name":"(anonymous_0)","decl":{"start":{"line":4,"column":20},"end":{"line":4,"column":21}},"loc":{"start":{"line":4,"column":35},"end":{"line":12,"column":1}},"line":4}},"branchMap":{},"s":{"0":1,"1":1,"2":1,"3":1,"4":1,"5":1,"6":0},"f":{"0":1},"b":{},"_coverageSchema":"1a1c01bbd47fc00a2c39e90264f33305004495a9","hash":"f7a6a22f2e1a3cdc951c381c581efbe992f32d02"}
}
