TN:
SF:index.js
FN:18,(anonymous_0)
FNF:1
FNH:1
FNDA:1,(anonymous_0)
DA:6,1
DA:9,1
DA:10,0
DA:13,1
DA:14,1
DA:15,1
DA:17,1
DA:18,1
LF:8
LH:7
BRDA:9,0,0,0
BRDA:9,0,1,1
BRDA:17,1,0,1
BRDA:17,1,1,0
BRF:4
BRH:2
end_of_record
TN:
SF:middleware/authMiddleware.js
FN:3,(anonymous_0)
FN:9,(anonymous_1)
FN:16,(anonymous_2)
FN:17,(anonymous_3)
FN:19,(anonymous_4)
FNF:5
FNH:0
FNDA:0,(anonymous_0)
FNDA:0,(anonymous_1)
FNDA:0,(anonymous_2)
FNDA:0,(anonymous_3)
FNDA:0,(anonymous_4)
DA:3,1
DA:4,0
DA:5,0
DA:7,0
DA:9,0
DA:10,0
DA:11,0
DA:12,0
DA:16,1
DA:17,0
DA:18,0
DA:19,0
DA:20,0
DA:22,0
LF:14
LH:2
BRDA:5,0,0,0
BRDA:5,0,1,0
BRDA:7,1,0,0
BRDA:7,1,1,0
BRDA:10,2,0,0
BRDA:10,2,1,0
BRDA:18,3,0,0
BRDA:18,3,1,0
BRDA:19,4,0,0
BRDA:19,4,1,0
BRF:10
BRH:0
end_of_record
TN:
SF:models/user.js
FN:58,(anonymous_0)
FN:67,(anonymous_1)
FNF:2
FNH:2
FNDA:4,(anonymous_0)
FNDA:3,(anonymous_1)
DA:2,1
DA:4,1
DA:58,1
DA:59,4
DA:60,4
DA:62,4
DA:66,1
DA:68,3
DA:69,3
DA:70,3
DA:71,3
DA:72,3
DA:73,3
DA:78,1
DA:79,1
DA:80,1
DA:81,1
DA:83,1
LF:18
LH:18
BRDA:59,0,0,4
BRDA:59,0,1,0
BRDA:72,1,0,3
BRDA:72,1,1,0
BRF:4
BRH:2
end_of_record
TN:
SF:routes/auth.js
FN:9,(anonymous_0)
FN:36,(anonymous_1)
FNF:2
FNH:2
FNDA:5,(anonymous_0)
FNDA:3,(anonymous_1)
DA:7,1
DA:9,1
DA:10,5
DA:12,5
DA:13,1
DA:16,4
DA:17,4
DA:21,4
DA:22,1
DA:25,3
DA:27,3
DA:28,3
DA:30,3
DA:32,0
DA:36,1
DA:37,3
DA:38,3
DA:39,3
DA:41,3
DA:43,2
DA:45,1
DA:47,1
DA:49,0
LF:23
LH:21
BRDA:12,0,0,1
BRDA:12,0,1,4
BRDA:12,1,0,5
BRDA:12,1,1,4
BRDA:12,1,2,4
BRDA:12,1,3,4
BRDA:12,1,4,4
BRDA:12,1,5,4
BRDA:21,2,0,1
BRDA:21,2,1,3
BRDA:41,3,0,1
BRDA:41,3,1,2
BRDA:43,4,0,1
BRDA:43,4,1,1
BRF:14
BRH:14
end_of_record
TN:
SF:utils/connectToDB.js
FN:4,(anonymous_0)
FNF:1
FNH:1
FNDA:1,(anonymous_0)
DA:3,1
DA:4,1
DA:5,1
DA:6,1
DA:7,1
DA:8,1
DA:10,0
LF:7
LH:6
BRF:0
BRH:0
end_of_record
